<?xml version="1.0" encoding="UTF-8"?>
<coverage generated="1651907331725" clover="3.2.0">
  <project timestamp="1651907331725" name="All files">
    <metrics statements="17" coveredstatements="15" conditionals="3" coveredconditionals="2" methods="4" coveredmethods="4" elements="24" coveredelements="21" complexity="0" loc="17" ncloc="17" packages="1" files="1" classes="1"/>
    <file name="main.ts" path="/Users/ianchen/Desktop/TDD/main.ts">
      <metrics statements="17" coveredstatements="15" conditionals="3" coveredconditionals="2" methods="4" coveredmethods="4"/>
      <line num="15" count="3" type="stmt"/>
      <line num="16" count="3" type="stmt"/>
      <line num="20" count="3" type="stmt"/>
      <line num="21" count="3" type="stmt"/>
      <line num="22" count="3" type="stmt"/>
      <line num="23" count="3" type="stmt"/>
      <line num="24" count="6" type="cond" truecount="1" falsecount="1"/>
      <line num="25" count="0" type="stmt"/>
      <line num="26" count="0" type="stmt"/>
      <line num="28" count="6" type="stmt"/>
      <line num="29" count="6" type="stmt"/>
      <line num="31" count="6" type="stmt"/>
      <line num="33" count="3" type="cond" truecount="1" falsecount="0"/>
      <line num="35" count="3" type="stmt"/>
      <line num="39" count="6" type="stmt"/>
      <line num="40" count="6" type="stmt"/>
      <line num="44" count="1" type="stmt"/>
    </file>
  </project>
</coverage>
