<?xml version="1.0" encoding="UTF-8"?>
<coverage generated="1651907777860" clover="3.2.0">
  <project timestamp="1651907777860" name="All files">
    <metrics statements="26" coveredstatements="26" conditionals="7" coveredconditionals="7" methods="4" coveredmethods="4" elements="37" coveredelements="37" complexity="0" loc="26" ncloc="26" packages="1" files="1" classes="1"/>
    <file name="main.ts" path="/Users/ianchen/Desktop/TDD/main.ts">
      <metrics statements="26" coveredstatements="26" conditionals="7" coveredconditionals="7" methods="4" coveredmethods="4"/>
      <line num="15" count="6" type="stmt"/>
      <line num="16" count="6" type="stmt"/>
      <line num="20" count="6" type="stmt"/>
      <line num="21" count="6" type="stmt"/>
      <line num="22" count="6" type="stmt"/>
      <line num="23" count="6" type="stmt"/>
      <line num="24" count="20" type="cond" truecount="2" falsecount="0"/>
      <line num="25" count="1" type="stmt"/>
      <line num="26" count="1" type="stmt"/>
      <line num="28" count="19" type="stmt"/>
      <line num="29" count="19" type="stmt"/>
      <line num="31" count="20" type="stmt"/>
      <line num="34" count="6" type="cond" truecount="5" falsecount="0"/>
      <line num="36" count="1" type="stmt"/>
      <line num="37" count="1" type="stmt"/>
      <line num="39" count="1" type="stmt"/>
      <line num="40" count="1" type="stmt"/>
      <line num="42" count="2" type="stmt"/>
      <line num="43" count="2" type="stmt"/>
      <line num="45" count="1" type="stmt"/>
      <line num="46" count="1" type="stmt"/>
      <line num="48" count="1" type="stmt"/>
      <line num="51" count="6" type="stmt"/>
      <line num="55" count="20" type="stmt"/>
      <line num="56" count="20" type="stmt"/>
      <line num="60" count="1" type="stmt"/>
    </file>
  </project>
</coverage>
