{"/Users/ianchen/Desktop/TDD/main.ts": {"path":"/Users/ianchen/Desktop/TDD/main.ts","statementMap":{"0":{"start":{"line":15,"column":8},"end":{"line":15,"column":36}},"1":{"start":{"line":16,"column":8},"end":{"line":16,"column":31}},"2":{"start":{"line":20,"column":39},"end":{"line":20,"column":48}},"3":{"start":{"line":21,"column":28},"end":{"line":21,"column":29}},"4":{"start":{"line":22,"column":30},"end":{"line":22,"column":31}},"5":{"start":{"line":23,"column":8},"end":{"line":32,"column":null}},"6":{"start":{"line":24,"column":12},"end":{"line":30,"column":null}},"7":{"start":{"line":25,"column":35},"end":{"line":25,"column":50}},"8":{"start":{"line":26,"column":16},"end":{"line":26,"column":46}},"9":{"start":{"line":28,"column":16},"end":{"line":28,"column":35}},"10":{"start":{"line":29,"column":16},"end":{"line":29,"column":26}},"11":{"start":{"line":31,"column":12},"end":{"line":31,"column":29}},"12":{"start":{"line":34,"column":8},"end":{"line":43,"column":null}},"13":{"start":{"line":36,"column":16},"end":{"line":36,"column":37}},"14":{"start":{"line":37,"column":16},"end":{"line":37,"column":22}},"15":{"start":{"line":39,"column":16},"end":{"line":39,"column":36}},"16":{"start":{"line":40,"column":16},"end":{"line":40,"column":22}},"17":{"start":{"line":42,"column":16},"end":{"line":42,"column":22}},"18":{"start":{"line":45,"column":8},"end":{"line":45,"column":21}},"19":{"start":{"line":49,"column":8},"end":{"line":49,"column":40}},"20":{"start":{"line":50,"column":8},"end":{"line":50,"column":20}},"21":{"start":{"line":54,"column":0},"end":{"line":54,"column":26}}},"fnMap":{"0":{"name":"(anonymous_0)","decl":{"start":{"line":14,"column":4},"end":{"line":14,"column":null}},"loc":{"start":{"line":14,"column":4},"end":{"line":17,"column":5}}},"1":{"name":"(anonymous_1)","decl":{"start":{"line":19,"column":4},"end":{"line":19,"column":13}},"loc":{"start":{"line":19,"column":13},"end":{"line":46,"column":5}}},"2":{"name":"(anonymous_2)","decl":{"start":{"line":23,"column":30},"end":{"line":23,"column":31}},"loc":{"start":{"line":23,"column":36},"end":{"line":32,"column":9}}},"3":{"name":"(anonymous_3)","decl":{"start":{"line":48,"column":4},"end":{"line":48,"column":12}},"loc":{"start":{"line":48,"column":26},"end":{"line":51,"column":5}}}},"branchMap":{"0":{"loc":{"start":{"line":24,"column":12},"end":{"line":30,"column":null}},"type":"if","locations":[{"start":{"line":24,"column":12},"end":{"line":30,"column":null}},{"start":{"line":27,"column":19},"end":{"line":30,"column":null}}]},"1":{"loc":{"start":{"line":34,"column":8},"end":{"line":43,"column":null}},"type":"switch","locations":[{"start":{"line":35,"column":12},"end":{"line":37,"column":22}},{"start":{"line":38,"column":12},"end":{"line":40,"column":22}},{"start":{"line":41,"column":12},"end":{"line":42,"column":22}}]}},"s":{"0":4,"1":4,"2":4,"3":4,"4":4,"5":4,"6":10,"7":0,"8":0,"9":10,"10":10,"11":10,"12":4,"13":1,"14":1,"15":1,"16":1,"17":2,"18":4,"19":10,"20":10,"21":1},"f":{"0":4,"1":4,"2":10,"3":10},"b":{"0":[0,10],"1":[1,1,2]}}
}
