TN:
SF:main.ts
FN:14,(anonymous_0)
FN:19,(anonymous_1)
FN:23,(anonymous_2)
FN:51,(anonymous_3)
FNF:4
FNH:4
FNDA:5,(anonymous_0)
FNDA:5,(anonymous_1)
FNDA:15,(anonymous_2)
FNDA:15,(anonymous_3)
DA:15,5
DA:16,5
DA:20,5
DA:21,5
DA:22,5
DA:23,5
DA:24,15
DA:25,1
DA:26,1
DA:28,14
DA:29,14
DA:31,15
DA:34,5
DA:36,1
DA:37,1
DA:39,1
DA:40,1
DA:42,2
DA:43,2
DA:45,1
DA:48,5
DA:52,15
DA:53,15
DA:57,1
LF:24
LH:24
BRDA:24,0,0,1
BRDA:24,0,1,14
BRDA:34,1,0,1
BRDA:34,1,1,1
BRDA:34,1,2,2
BRDA:34,1,3,1
BRF:6
BRH:6
end_of_record
