TN:
SF:main.ts
FN:14,(anonymous_0)
FN:19,(anonymous_1)
FN:23,(anonymous_2)
FN:54,(anonymous_3)
FNF:4
FNH:4
FNDA:6,(anonymous_0)
FNDA:6,(anonymous_1)
FNDA:20,(anonymous_2)
FNDA:20,(anonymous_3)
DA:15,6
DA:16,6
DA:20,6
DA:21,6
DA:22,6
DA:23,6
DA:24,20
DA:25,1
DA:26,1
DA:28,19
DA:29,19
DA:31,20
DA:34,6
DA:36,1
DA:37,1
DA:39,1
DA:40,1
DA:42,2
DA:43,2
DA:45,1
DA:46,1
DA:48,1
DA:51,6
DA:55,20
DA:56,20
DA:60,1
LF:26
LH:26
BRDA:24,0,0,1
BRDA:24,0,1,19
BRDA:34,1,0,1
BRDA:34,1,1,1
BRDA:34,1,2,2
BRDA:34,1,3,1
BRDA:34,1,4,1
BRF:7
BRH:7
end_of_record
